<?xml version="1.0" encoding="UTF-8"?>
<!-- Generated by org.testng.reporters.JUnitReportReporter -->
<testsuite hostname="abc-PC" name="ROAutomation.LaunchApp" tests="1" failures="0" timestamp="28 Nov 2018 07:06:51 GMT" time="13.860" errors="0">
  <testcase name="Login" time="13.860" classname="ROAutomation.LaunchApp"/>
</testsuite> <!-- ROAutomation.LaunchApp -->
