<?xml version="1.0" encoding="UTF-8"?>
<!-- Generated by org.testng.reporters.JUnitReportReporter -->
<testsuite hostname="Sami_Android4" name="ROAutomation.Manufacture" tests="8" failures="0" timestamp="13 Nov 2018 12:34:25 GMT" time="31.686" errors="0">
  <testcase name="checkGSTUniqueValidation" time="2.638" classname="ROAutomation.Manufacture"/>
  <testcase name="checkMobileNumberFormatValidation" time="2.636" classname="ROAutomation.Manufacture"/>
  <testcase name="checkIIFScFormatValidation" time="2.671" classname="ROAutomation.Manufacture"/>
  <testcase name="TestRequiredFieldsValidation" time="1.630" classname="ROAutomation.Manufacture"/>
  <testcase name="checkAcNoFormatValidation" time="3.344" classname="ROAutomation.Manufacture"/>
  <testcase name="checkGSTFormatValidation" time="2.934" classname="ROAutomation.Manufacture"/>
  <testcase name="AddManufacturer" time="12.854" classname="ROAutomation.Manufacture"/>
  <testcase name="checkMobileNumberNumericValidation" time="2.979" classname="ROAutomation.Manufacture"/>
</testsuite> <!-- ROAutomation.Manufacture -->
