<?xml version="1.0" encoding="UTF-8"?>
<!-- Generated by org.testng.reporters.JUnitReportReporter -->
<testsuite hostname="Sami_Android4" name="ROAutomation.LaunchApp" tests="1" failures="0" timestamp="13 Nov 2018 12:34:25 GMT" time="56.046" errors="0">
  <testcase name="Login" time="56.046" classname="ROAutomation.LaunchApp"/>
</testsuite> <!-- ROAutomation.LaunchApp -->
