<?xml version="1.0" encoding="UTF-8"?>
<!-- Generated by org.testng.reporters.JUnitReportReporter -->
<testsuite hostname="abc-PC" name="ROAutomation.vehicle" tests="1" failures="0" timestamp="28 Nov 2018 07:06:51 GMT" time="1.456" errors="0">
  <testcase name="ownernamevalidation" time="1.456" classname="ROAutomation.vehicle"/>
</testsuite> <!-- ROAutomation.vehicle -->
