<?xml version="1.0" encoding="UTF-8"?>
<!-- Generated by org.testng.reporters.JUnitReportReporter -->
<testsuite hostname="Sami_Android4" name="ROAutomation.LaunchApp" tests="1" failures="0" timestamp="26 Nov 2018 12:32:08 GMT" time="21.210" errors="0">
  <testcase name="Login" time="21.210" classname="ROAutomation.LaunchApp"/>
</testsuite> <!-- ROAutomation.LaunchApp -->
