<?xml version="1.0" encoding="UTF-8"?>
<!-- Generated by org.testng.reporters.JUnitReportReporter -->
<testsuite hostname="Sami_Android4" name="AutomationMain.NewTest" tests="1" failures="0" timestamp="20 Oct 2018 09:25:04 GMT" time="0.079" errors="0">
  <testcase name="f" time="0.079" classname="AutomationMain.NewTest"/>
</testsuite> <!-- AutomationMain.NewTest -->
